
2017-11-08 13:46:10 - PHP Notice:  session_start(): ps_files_cleanup_dir: opendir(/var/cpanel/php/sessions/ea-php55) failed: Permission denied (13) in /home/u12971/public_html/skinali/system/library/session.php on line 21
2017-11-15 10:58:16 - PHP Notice:  Error: Unknown column 'jobs_id' in 'where clause'<br />Error No: 1054<br />SELECT * FROM oc_product_image WHERE jobs_id = '3' ORDER BY sort_order ASC in D:\OpenServer\domains\skinali.3331141.xeovo.ml\system\library\db\mysqli.php on line 41
2017-11-15 10:58:16 - PHP Notice:  Trying to get property of non-object in D:\OpenServer\domains\skinali.3331141.xeovo.ml\admin\model\catalog\jobs.php on line 93
2017-11-15 10:58:16 - PHP Warning:  Invalid argument supplied for foreach() in D:\OpenServer\domains\skinali.3331141.xeovo.ml\admin\controller\catalog\jobs.php on line 290
2017-11-15 10:58:16 - PHP Notice:  Undefined variable: tab_image in D:\OpenServer\domains\skinali.3331141.xeovo.ml\admin\view\template\catalog\jobs_form.tpl on line 32
2017-11-15 10:59:57 - PHP Notice:  Error: Unknown column 'jobs_id' in 'where clause'<br />Error No: 1054<br />SELECT * FROM oc_product_image WHERE jobs_id = '3' ORDER BY sort_order ASC in D:\OpenServer\domains\skinali.3331141.xeovo.ml\system\library\db\mysqli.php on line 41
2017-11-15 10:59:57 - PHP Notice:  Trying to get property of non-object in D:\OpenServer\domains\skinali.3331141.xeovo.ml\admin\model\catalog\jobs.php on line 93
2017-11-15 10:59:57 - PHP Warning:  Invalid argument supplied for foreach() in D:\OpenServer\domains\skinali.3331141.xeovo.ml\admin\controller\catalog\jobs.php on line 290
2017-11-15 10:59:57 - PHP Notice:  Undefined variable: tab_image in D:\OpenServer\domains\skinali.3331141.xeovo.ml\admin\view\template\catalog\jobs_form.tpl on line 32
2017-11-15 11:00:43 - PHP Notice:  Error: Unknown column 'posts_id' in 'where clause'<br />Error No: 1054<br />SELECT * FROM oc_product_image WHERE posts_id = '9' ORDER BY sort_order ASC in D:\OpenServer\domains\skinali.3331141.xeovo.ml\system\library\db\mysqli.php on line 41
2017-11-15 11:00:43 - PHP Notice:  Trying to get property of non-object in D:\OpenServer\domains\skinali.3331141.xeovo.ml\admin\model\catalog\ourprojects.php on line 93
2017-11-15 11:00:43 - PHP Warning:  Invalid argument supplied for foreach() in D:\OpenServer\domains\skinali.3331141.xeovo.ml\admin\controller\catalog\ourprojects.php on line 302
2017-11-15 11:01:26 - PHP Notice:  Undefined variable: tab_image in D:\OpenServer\domains\skinali.3331141.xeovo.ml\admin\view\template\catalog\jobs_form.tpl on line 32
2017-11-15 11:06:37 - PHP Notice:  Undefined variable: tab_general in D:\OpenServer\domains\skinali.3331141.xeovo.ml\admin\view\template\catalog\jobs_form.tpl on line 29
2017-11-15 11:06:37 - PHP Notice:  Undefined variable: entry_image in D:\OpenServer\domains\skinali.3331141.xeovo.ml\admin\view\template\catalog\jobs_form.tpl on line 96
2017-11-15 11:06:37 - PHP Notice:  Undefined variable: entry_sort_order in D:\OpenServer\domains\skinali.3331141.xeovo.ml\admin\view\template\catalog\jobs_form.tpl on line 97
2017-11-15 11:06:37 - PHP Notice:  Undefined variable: product_images in D:\OpenServer\domains\skinali.3331141.xeovo.ml\admin\view\template\catalog\jobs_form.tpl on line 103
2017-11-15 11:06:37 - PHP Warning:  Invalid argument supplied for foreach() in D:\OpenServer\domains\skinali.3331141.xeovo.ml\admin\view\template\catalog\jobs_form.tpl on line 103
2017-11-15 11:06:37 - PHP Notice:  Undefined variable: button_image_add in D:\OpenServer\domains\skinali.3331141.xeovo.ml\admin\view\template\catalog\jobs_form.tpl on line 115
2017-11-15 11:08:31 - PHP Notice:  Undefined variable: entry_image in D:\OpenServer\domains\skinali.3331141.xeovo.ml\admin\view\template\catalog\jobs_form.tpl on line 96
2017-11-15 11:08:31 - PHP Notice:  Undefined variable: entry_sort_order in D:\OpenServer\domains\skinali.3331141.xeovo.ml\admin\view\template\catalog\jobs_form.tpl on line 97
2017-11-15 11:08:31 - PHP Notice:  Undefined variable: product_images in D:\OpenServer\domains\skinali.3331141.xeovo.ml\admin\view\template\catalog\jobs_form.tpl on line 103
2017-11-15 11:08:31 - PHP Warning:  Invalid argument supplied for foreach() in D:\OpenServer\domains\skinali.3331141.xeovo.ml\admin\view\template\catalog\jobs_form.tpl on line 103
2017-11-15 11:08:31 - PHP Notice:  Undefined variable: button_image_add in D:\OpenServer\domains\skinali.3331141.xeovo.ml\admin\view\template\catalog\jobs_form.tpl on line 115
2017-11-15 11:10:33 - PHP Notice:  Undefined variable: entry_image in D:\OpenServer\domains\skinali.3331141.xeovo.ml\admin\view\template\catalog\jobs_form.tpl on line 97
2017-11-15 11:10:33 - PHP Notice:  Undefined variable: entry_sort_order in D:\OpenServer\domains\skinali.3331141.xeovo.ml\admin\view\template\catalog\jobs_form.tpl on line 98
2017-11-15 11:10:33 - PHP Notice:  Undefined variable: product_images in D:\OpenServer\domains\skinali.3331141.xeovo.ml\admin\view\template\catalog\jobs_form.tpl on line 104
2017-11-15 11:10:33 - PHP Warning:  Invalid argument supplied for foreach() in D:\OpenServer\domains\skinali.3331141.xeovo.ml\admin\view\template\catalog\jobs_form.tpl on line 104
2017-11-15 11:10:33 - PHP Notice:  Undefined variable: button_image_add in D:\OpenServer\domains\skinali.3331141.xeovo.ml\admin\view\template\catalog\jobs_form.tpl on line 116
2017-11-15 11:12:55 - PHP Notice:  Undefined variable: entry_image in D:\OpenServer\domains\skinali.3331141.xeovo.ml\admin\view\template\catalog\jobs_form.tpl on line 97
2017-11-15 11:12:55 - PHP Notice:  Undefined variable: entry_sort_order in D:\OpenServer\domains\skinali.3331141.xeovo.ml\admin\view\template\catalog\jobs_form.tpl on line 98
2017-11-15 11:12:55 - PHP Notice:  Undefined variable: button_image_add in D:\OpenServer\domains\skinali.3331141.xeovo.ml\admin\view\template\catalog\jobs_form.tpl on line 116
2017-11-15 11:13:22 - PHP Notice:  Undefined variable: entry_sort_order in D:\OpenServer\domains\skinali.3331141.xeovo.ml\admin\view\template\catalog\jobs_form.tpl on line 98
2017-11-15 11:13:22 - PHP Notice:  Undefined variable: button_image_add in D:\OpenServer\domains\skinali.3331141.xeovo.ml\admin\view\template\catalog\jobs_form.tpl on line 116
2017-11-15 11:13:39 - PHP Notice:  Undefined variable: button_image_add in D:\OpenServer\domains\skinali.3331141.xeovo.ml\admin\view\template\catalog\jobs_form.tpl on line 116
2017-11-15 11:14:29 - PHP Notice:  Undefined variable: button_image_add in D:\OpenServer\domains\skinali.3331141.xeovo.ml\admin\view\template\catalog\jobs_form.tpl on line 116
2017-11-15 11:14:59 - PHP Notice:  Undefined variable: button_image_add in D:\OpenServer\domains\skinali.3331141.xeovo.ml\admin\view\template\catalog\jobs_form.tpl on line 116
2017-11-15 11:17:03 - PHP Notice:  Undefined variable: placeholder in D:\OpenServer\domains\skinali.3331141.xeovo.ml\admin\view\template\catalog\jobs_form.tpl on line 137
2017-11-15 11:17:03 - PHP Notice:  Undefined variable: placeholder in D:\OpenServer\domains\skinali.3331141.xeovo.ml\admin\view\template\catalog\jobs_form.tpl on line 137
2017-11-15 11:17:03 - PHP Notice:  Undefined variable: button_remove in D:\OpenServer\domains\skinali.3331141.xeovo.ml\admin\view\template\catalog\jobs_form.tpl on line 139
2017-11-15 11:22:17 - PHP Notice:  Undefined variable: button_remove in D:\OpenServer\domains\skinali.3331141.xeovo.ml\admin\view\template\catalog\jobs_form.tpl on line 139
2017-11-15 11:22:36 - PHP Warning:  imagejpeg(D:/OpenServer/domains/skinali.3331141.xeovo.ml/image/cache/catalog\demo\banners\MacBookAir-100x100.jpg): failed to open stream: No such file or directory in D:\OpenServer\domains\skinali.3331141.xeovo.ml\system\library\image.php on line 64
2017-11-15 11:22:38 - PHP Warning:  imagejpeg(D:/OpenServer/domains/skinali.3331141.xeovo.ml/image/cache/catalog\demo\banners\MacBookAir-100x100.jpg): failed to open stream: No such file or directory in D:\OpenServer\domains\skinali.3331141.xeovo.ml\system\library\image.php on line 64
2017-11-15 11:22:39 - PHP Warning:  imagejpeg(D:/OpenServer/domains/skinali.3331141.xeovo.ml/image/cache/catalog\demo\banners\iPhone6-100x100.jpg): failed to open stream: No such file or directory in D:\OpenServer\domains\skinali.3331141.xeovo.ml\system\library\image.php on line 64
2017-11-15 11:22:40 - PHP Warning:  imagejpeg(D:/OpenServer/domains/skinali.3331141.xeovo.ml/image/cache/catalog\demo\banners\iPhone6-100x100.jpg): failed to open stream: No such file or directory in D:\OpenServer\domains\skinali.3331141.xeovo.ml\system\library\image.php on line 64
2017-11-15 11:22:55 - PHP Notice:  Undefined variable: button_remove in D:\OpenServer\domains\skinali.3331141.xeovo.ml\admin\view\template\catalog\jobs_form.tpl on line 108
2017-11-15 11:22:55 - PHP Notice:  Undefined variable: button_remove in D:\OpenServer\domains\skinali.3331141.xeovo.ml\admin\view\template\catalog\jobs_form.tpl on line 139
2017-11-15 11:23:11 - PHP Warning:  imagejpeg(D:/OpenServer/domains/skinali.3331141.xeovo.ml/image/cache/catalog\demo\banners\iPhone6-100x100.jpg): failed to open stream: No such file or directory in D:\OpenServer\domains\skinali.3331141.xeovo.ml\system\library\image.php on line 64
2017-11-15 11:23:55 - PHP Notice:  Undefined variable: button_remove in D:\OpenServer\domains\skinali.3331141.xeovo.ml\admin\view\template\catalog\jobs_form.tpl on line 108
2017-11-15 11:23:55 - PHP Notice:  Undefined variable: entry_title in D:\OpenServer\domains\skinali.3331141.xeovo.ml\admin\view\template\catalog\jobs_form.tpl on line 140
2017-11-15 11:23:55 - PHP Notice:  Undefined variable: entry_link in D:\OpenServer\domains\skinali.3331141.xeovo.ml\admin\view\template\catalog\jobs_form.tpl on line 144
2017-11-15 11:23:55 - PHP Notice:  Undefined variable: button_remove in D:\OpenServer\domains\skinali.3331141.xeovo.ml\admin\view\template\catalog\jobs_form.tpl on line 147
2017-11-15 11:23:55 - PHP Notice:  Undefined variable: button_remove in D:\OpenServer\domains\skinali.3331141.xeovo.ml\admin\view\template\catalog\jobs_form.tpl on line 159
2017-11-15 11:24:04 - PHP Warning:  imagejpeg(D:/OpenServer/domains/skinali.3331141.xeovo.ml/image/cache/catalog\demo\banners\MacBookAir-100x100.jpg): failed to open stream: No such file or directory in D:\OpenServer\domains\skinali.3331141.xeovo.ml\system\library\image.php on line 64
2017-11-15 11:24:05 - PHP Warning:  imagejpeg(D:/OpenServer/domains/skinali.3331141.xeovo.ml/image/cache/catalog\demo\banners\iPhone6-100x100.jpg): failed to open stream: No such file or directory in D:\OpenServer\domains\skinali.3331141.xeovo.ml\system\library\image.php on line 64
2017-11-15 11:24:11 - PHP Warning:  imagejpeg(D:/OpenServer/domains/skinali.3331141.xeovo.ml/image/cache/catalog\demo\banners\iPhone6-100x100.jpg): failed to open stream: No such file or directory in D:\OpenServer\domains\skinali.3331141.xeovo.ml\system\library\image.php on line 64
2017-11-15 11:25:43 - PHP Warning:  imagejpeg(D:/OpenServer/domains/skinali.3331141.xeovo.ml/image/cache/catalog\demo\banners\iPhone6-100x100.jpg): failed to open stream: No such file or directory in D:\OpenServer\domains\skinali.3331141.xeovo.ml\system\library\image.php on line 64
2017-11-15 11:25:44 - PHP Warning:  imagejpeg(D:/OpenServer/domains/skinali.3331141.xeovo.ml/image/cache/catalog\demo\banners\MacBookAir-100x100.jpg): failed to open stream: No such file or directory in D:\OpenServer\domains\skinali.3331141.xeovo.ml\system\library\image.php on line 64
2017-11-15 11:25:49 - PHP Warning:  imagepng(D:/OpenServer/domains/skinali.3331141.xeovo.ml/image/cache/catalog\demo\manufacturer\burgerking-100x100.png): failed to open stream: No such file or directory in D:\OpenServer\domains\skinali.3331141.xeovo.ml\system\library\image.php on line 66
2017-11-15 11:25:50 - PHP Warning:  imagepng(D:/OpenServer/domains/skinali.3331141.xeovo.ml/image/cache/catalog\demo\manufacturer\burgerking-100x100.png): failed to open stream: No such file or directory in D:\OpenServer\domains\skinali.3331141.xeovo.ml\system\library\image.php on line 66
2017-11-15 11:25:51 - PHP Warning:  imagepng(D:/OpenServer/domains/skinali.3331141.xeovo.ml/image/cache/catalog\demo\manufacturer\canon-100x100.png): failed to open stream: No such file or directory in D:\OpenServer\domains\skinali.3331141.xeovo.ml\system\library\image.php on line 66
2017-11-15 11:27:00 - PHP Notice:  Undefined variable: button_remove in D:\OpenServer\domains\skinali.3331141.xeovo.ml\admin\view\template\catalog\jobs_form.tpl on line 108
2017-11-15 11:27:00 - PHP Notice:  Undefined variable: button_remove in D:\OpenServer\domains\skinali.3331141.xeovo.ml\admin\view\template\catalog\jobs_form.tpl on line 140
2017-11-15 11:27:00 - PHP Notice:  Undefined variable: button_remove in D:\OpenServer\domains\skinali.3331141.xeovo.ml\admin\view\template\catalog\jobs_form.tpl on line 152
2017-11-15 11:27:07 - PHP Warning:  imagepng(D:/OpenServer/domains/skinali.3331141.xeovo.ml/image/cache/catalog\demo\manufacturer\canon-100x100.png): failed to open stream: No such file or directory in D:\OpenServer\domains\skinali.3331141.xeovo.ml\system\library\image.php on line 66
2017-11-15 11:27:08 - PHP Warning:  imagepng(D:/OpenServer/domains/skinali.3331141.xeovo.ml/image/cache/catalog\demo\manufacturer\burgerking-100x100.png): failed to open stream: No such file or directory in D:\OpenServer\domains\skinali.3331141.xeovo.ml\system\library\image.php on line 66
2017-11-15 11:27:13 - PHP Warning:  imagepng(D:/OpenServer/domains/skinali.3331141.xeovo.ml/image/cache/catalog\demo\manufacturer\nfl-100x100.png): failed to open stream: No such file or directory in D:\OpenServer\domains\skinali.3331141.xeovo.ml\system\library\image.php on line 66
2017-11-15 11:29:51 - PHP Notice:  Undefined variable: button_remove in D:\OpenServer\domains\skinali.3331141.xeovo.ml\admin\view\template\catalog\jobs_form.tpl on line 108
2017-11-15 11:29:51 - PHP Notice:  Undefined variable: button_remove in D:\OpenServer\domains\skinali.3331141.xeovo.ml\admin\view\template\catalog\jobs_form.tpl on line 140
2017-11-15 11:29:51 - PHP Notice:  Undefined variable: button_remove in D:\OpenServer\domains\skinali.3331141.xeovo.ml\admin\view\template\catalog\jobs_form.tpl on line 152
2017-11-15 11:30:40 - PHP Notice:  Undefined variable: button_remove in D:\OpenServer\domains\skinali.3331141.xeovo.ml\admin\view\template\catalog\jobs_form.tpl on line 108
2017-11-15 11:30:40 - PHP Notice:  Undefined variable: button_remove in D:\OpenServer\domains\skinali.3331141.xeovo.ml\admin\view\template\catalog\jobs_form.tpl on line 139
2017-11-15 11:30:40 - PHP Notice:  Undefined variable: button_remove in D:\OpenServer\domains\skinali.3331141.xeovo.ml\admin\view\template\catalog\jobs_form.tpl on line 151
2017-11-15 11:30:52 - PHP Notice:  Undefined variable: button_remove in D:\OpenServer\domains\skinali.3331141.xeovo.ml\admin\view\template\catalog\jobs_form.tpl on line 108
2017-11-15 11:30:52 - PHP Notice:  Undefined variable: button_remove in D:\OpenServer\domains\skinali.3331141.xeovo.ml\admin\view\template\catalog\jobs_form.tpl on line 139
2017-11-15 11:30:52 - PHP Notice:  Undefined variable: button_remove in D:\OpenServer\domains\skinali.3331141.xeovo.ml\admin\view\template\catalog\jobs_form.tpl on line 151
2017-11-15 11:31:11 - PHP Notice:  Undefined variable: button_remove in D:\OpenServer\domains\skinali.3331141.xeovo.ml\admin\view\template\catalog\jobs_form.tpl on line 108
2017-11-15 11:31:11 - PHP Notice:  Undefined variable: button_remove in D:\OpenServer\domains\skinali.3331141.xeovo.ml\admin\view\template\catalog\jobs_form.tpl on line 108
2017-11-15 11:31:11 - PHP Notice:  Undefined variable: button_remove in D:\OpenServer\domains\skinali.3331141.xeovo.ml\admin\view\template\catalog\jobs_form.tpl on line 108
2017-11-15 11:31:11 - PHP Notice:  Undefined variable: button_remove in D:\OpenServer\domains\skinali.3331141.xeovo.ml\admin\view\template\catalog\jobs_form.tpl on line 108
2017-11-15 11:31:11 - PHP Notice:  Undefined variable: button_remove in D:\OpenServer\domains\skinali.3331141.xeovo.ml\admin\view\template\catalog\jobs_form.tpl on line 108
2017-11-15 11:31:11 - PHP Notice:  Undefined variable: button_remove in D:\OpenServer\domains\skinali.3331141.xeovo.ml\admin\view\template\catalog\jobs_form.tpl on line 108
2017-11-15 11:31:11 - PHP Notice:  Undefined variable: button_remove in D:\OpenServer\domains\skinali.3331141.xeovo.ml\admin\view\template\catalog\jobs_form.tpl on line 108
2017-11-15 11:31:11 - PHP Notice:  Undefined variable: button_remove in D:\OpenServer\domains\skinali.3331141.xeovo.ml\admin\view\template\catalog\jobs_form.tpl on line 139
2017-11-15 11:31:11 - PHP Notice:  Undefined variable: button_remove in D:\OpenServer\domains\skinali.3331141.xeovo.ml\admin\view\template\catalog\jobs_form.tpl on line 151
2017-11-15 11:34:31 - PHP Notice:  Undefined variable: tab_general in D:\OpenServer\domains\skinali.3331141.xeovo.ml\admin\view\template\catalog\ourprojects_form.tpl on line 29
2017-11-15 11:34:31 - PHP Notice:  Undefined variable: tab_image in D:\OpenServer\domains\skinali.3331141.xeovo.ml\admin\view\template\catalog\ourprojects_form.tpl on line 30
2017-11-15 11:34:31 - PHP Notice:  Undefined variable: entry_image in D:\OpenServer\domains\skinali.3331141.xeovo.ml\admin\view\template\catalog\ourprojects_form.tpl on line 96
2017-11-15 11:34:31 - PHP Notice:  Undefined variable: entry_sort_order in D:\OpenServer\domains\skinali.3331141.xeovo.ml\admin\view\template\catalog\ourprojects_form.tpl on line 97
2017-11-15 11:34:31 - PHP Notice:  Undefined variable: jobs_images in D:\OpenServer\domains\skinali.3331141.xeovo.ml\admin\view\template\catalog\ourprojects_form.tpl on line 103
2017-11-15 11:34:31 - PHP Warning:  Invalid argument supplied for foreach() in D:\OpenServer\domains\skinali.3331141.xeovo.ml\admin\view\template\catalog\ourprojects_form.tpl on line 103
2017-11-15 11:34:31 - PHP Notice:  Undefined variable: button_image_add in D:\OpenServer\domains\skinali.3331141.xeovo.ml\admin\view\template\catalog\ourprojects_form.tpl on line 115
2017-11-15 11:34:54 - PHP Notice:  Undefined variable: jobs_images in D:\OpenServer\domains\skinali.3331141.xeovo.ml\admin\view\template\catalog\ourprojects_form.tpl on line 103
2017-11-15 11:34:54 - PHP Warning:  Invalid argument supplied for foreach() in D:\OpenServer\domains\skinali.3331141.xeovo.ml\admin\view\template\catalog\ourprojects_form.tpl on line 103
2017-11-15 11:36:44 - PHP Notice:  Undefined variable: jobs_images in D:\OpenServer\domains\skinali.3331141.xeovo.ml\admin\view\template\catalog\ourprojects_form.tpl on line 104
2017-11-15 11:36:44 - PHP Warning:  Invalid argument supplied for foreach() in D:\OpenServer\domains\skinali.3331141.xeovo.ml\admin\view\template\catalog\ourprojects_form.tpl on line 104
2017-11-15 11:41:11 - PHP Notice:  Undefined variable: button_remove in D:\OpenServer\domains\skinali.3331141.xeovo.ml\admin\view\template\catalog\ourprojects_form.tpl on line 139
2017-11-15 11:41:11 - PHP Notice:  Undefined variable: button_remove in D:\OpenServer\domains\skinali.3331141.xeovo.ml\admin\view\template\catalog\ourprojects_form.tpl on line 151
2017-11-15 11:41:32 - PHP Notice:  Array to string conversion in D:\OpenServer\domains\skinali.3331141.xeovo.ml\admin\model\catalog\ourprojects.php on line 36
2017-11-15 11:41:32 - PHP Notice:  Error: Table 'skinali.oc_array' doesn't exist<br />Error No: 1146<br />INSERT INTO oc_Array SET posts_id = '9', image = 'catalog\\demo\\manufacturer\\nfl.png', sort_order = '0' in D:\OpenServer\domains\skinali.3331141.xeovo.ml\system\library\db\mysqli.php on line 41
2017-11-15 11:41:32 - PHP Notice:  Array to string conversion in D:\OpenServer\domains\skinali.3331141.xeovo.ml\admin\model\catalog\ourprojects.php on line 36
2017-11-15 11:41:32 - PHP Notice:  Error: Table 'skinali.oc_array' doesn't exist<br />Error No: 1146<br />INSERT INTO oc_Array SET posts_id = '9', image = '', sort_order = '0' in D:\OpenServer\domains\skinali.3331141.xeovo.ml\system\library\db\mysqli.php on line 41
2017-11-15 11:41:32 - PHP Notice:  Array to string conversion in D:\OpenServer\domains\skinali.3331141.xeovo.ml\admin\model\catalog\ourprojects.php on line 36
2017-11-15 11:41:32 - PHP Notice:  Error: Table 'skinali.oc_array' doesn't exist<br />Error No: 1146<br />INSERT INTO oc_Array SET posts_id = '9', image = 'catalog\\demo\\manufacturer\\burgerking.png', sort_order = '0' in D:\OpenServer\domains\skinali.3331141.xeovo.ml\system\library\db\mysqli.php on line 41
2017-11-15 11:41:32 - PHP Notice:  Array to string conversion in D:\OpenServer\domains\skinali.3331141.xeovo.ml\admin\model\catalog\ourprojects.php on line 36
2017-11-15 11:41:32 - PHP Notice:  Error: Table 'skinali.oc_array' doesn't exist<br />Error No: 1146<br />INSERT INTO oc_Array SET posts_id = '9', image = 'catalog\\demo\\manufacturer\\canon.png', sort_order = '1' in D:\OpenServer\domains\skinali.3331141.xeovo.ml\system\library\db\mysqli.php on line 41
2017-11-15 11:41:32 - PHP Notice:  Array to string conversion in D:\OpenServer\domains\skinali.3331141.xeovo.ml\admin\model\catalog\ourprojects.php on line 36
2017-11-15 11:41:32 - PHP Notice:  Error: Table 'skinali.oc_array' doesn't exist<br />Error No: 1146<br />INSERT INTO oc_Array SET posts_id = '9', image = 'catalog\\demo\\manufacturer\\cocacola.png', sort_order = '2' in D:\OpenServer\domains\skinali.3331141.xeovo.ml\system\library\db\mysqli.php on line 41
2017-11-15 11:41:32 - PHP Notice:  Array to string conversion in D:\OpenServer\domains\skinali.3331141.xeovo.ml\admin\model\catalog\ourprojects.php on line 36
2017-11-15 11:41:32 - PHP Notice:  Error: Table 'skinali.oc_array' doesn't exist<br />Error No: 1146<br />INSERT INTO oc_Array SET posts_id = '9', image = 'catalog\\demo\\manufacturer\\dell.png', sort_order = '3' in D:\OpenServer\domains\skinali.3331141.xeovo.ml\system\library\db\mysqli.php on line 41
2017-11-15 11:41:32 - PHP Notice:  Array to string conversion in D:\OpenServer\domains\skinali.3331141.xeovo.ml\admin\model\catalog\ourprojects.php on line 36
2017-11-15 11:41:32 - PHP Notice:  Error: Table 'skinali.oc_array' doesn't exist<br />Error No: 1146<br />INSERT INTO oc_Array SET posts_id = '9', image = 'catalog\\demo\\manufacturer\\disney.png', sort_order = '4' in D:\OpenServer\domains\skinali.3331141.xeovo.ml\system\library\db\mysqli.php on line 41
2017-11-15 11:41:32 - PHP Notice:  Array to string conversion in D:\OpenServer\domains\skinali.3331141.xeovo.ml\admin\model\catalog\ourprojects.php on line 36
2017-11-15 11:41:32 - PHP Notice:  Error: Table 'skinali.oc_array' doesn't exist<br />Error No: 1146<br />INSERT INTO oc_Array SET posts_id = '9', image = 'catalog\\demo\\manufacturer\\harley.png', sort_order = '5' in D:\OpenServer\domains\skinali.3331141.xeovo.ml\system\library\db\mysqli.php on line 41
2017-11-15 11:41:32 - PHP Notice:  Array to string conversion in D:\OpenServer\domains\skinali.3331141.xeovo.ml\admin\model\catalog\ourprojects.php on line 36
2017-11-15 11:41:32 - PHP Notice:  Error: Table 'skinali.oc_array' doesn't exist<br />Error No: 1146<br />INSERT INTO oc_Array SET posts_id = '9', image = 'catalog\\demo\\manufacturer\\nfl.png', sort_order = '6' in D:\OpenServer\domains\skinali.3331141.xeovo.ml\system\library\db\mysqli.php on line 41
2017-11-15 11:41:32 - PHP Notice:  Array to string conversion in D:\OpenServer\domains\skinali.3331141.xeovo.ml\admin\model\catalog\ourprojects.php on line 36
2017-11-15 11:41:32 - PHP Notice:  Error: Table 'skinali.oc_array' doesn't exist<br />Error No: 1146<br />INSERT INTO oc_Array SET posts_id = '9', image = 'catalog\\demo\\manufacturer\\nintendo.png', sort_order = '7' in D:\OpenServer\domains\skinali.3331141.xeovo.ml\system\library\db\mysqli.php on line 41
2017-11-15 11:41:32 - PHP Notice:  Array to string conversion in D:\OpenServer\domains\skinali.3331141.xeovo.ml\admin\model\catalog\ourprojects.php on line 36
2017-11-15 11:41:32 - PHP Notice:  Error: Table 'skinali.oc_array' doesn't exist<br />Error No: 1146<br />INSERT INTO oc_Array SET posts_id = '9', image = 'catalog\\demo\\manufacturer\\redbull.png', sort_order = '8' in D:\OpenServer\domains\skinali.3331141.xeovo.ml\system\library\db\mysqli.php on line 41
2017-11-15 11:41:32 - PHP Notice:  Array to string conversion in D:\OpenServer\domains\skinali.3331141.xeovo.ml\admin\model\catalog\ourprojects.php on line 36
2017-11-15 11:41:32 - PHP Notice:  Error: Table 'skinali.oc_array' doesn't exist<br />Error No: 1146<br />INSERT INTO oc_Array SET posts_id = '9', image = 'catalog\\demo\\manufacturer\\shell.png', sort_order = '9' in D:\OpenServer\domains\skinali.3331141.xeovo.ml\system\library\db\mysqli.php on line 41
2017-11-15 11:41:32 - PHP Warning:  Cannot modify header information - headers already sent by (output started at D:\OpenServer\domains\skinali.3331141.xeovo.ml\admin\index.php:80) in D:\OpenServer\domains\skinali.3331141.xeovo.ml\system\library\response.php on line 12
2017-11-15 11:46:05 - PHP Notice:  Undefined variable: jobs_image in D:\OpenServer\domains\skinali.3331141.xeovo.ml\admin\controller\catalog\ourprojects.php on line 311
2017-11-15 11:46:05 - PHP Notice:  Undefined variable: jobs_image in D:\OpenServer\domains\skinali.3331141.xeovo.ml\admin\controller\catalog\ourprojects.php on line 311
2017-11-15 11:46:05 - PHP Notice:  Undefined variable: jobs_image in D:\OpenServer\domains\skinali.3331141.xeovo.ml\admin\controller\catalog\ourprojects.php on line 311
2017-11-15 11:46:05 - PHP Notice:  Undefined variable: jobs_image in D:\OpenServer\domains\skinali.3331141.xeovo.ml\admin\controller\catalog\ourprojects.php on line 311
2017-11-15 11:46:05 - PHP Notice:  Undefined variable: jobs_image in D:\OpenServer\domains\skinali.3331141.xeovo.ml\admin\controller\catalog\ourprojects.php on line 311
2017-11-15 11:46:05 - PHP Notice:  Undefined variable: jobs_image in D:\OpenServer\domains\skinali.3331141.xeovo.ml\admin\controller\catalog\ourprojects.php on line 311
2017-11-15 11:46:05 - PHP Notice:  Undefined variable: jobs_image in D:\OpenServer\domains\skinali.3331141.xeovo.ml\admin\controller\catalog\ourprojects.php on line 311
2017-11-15 11:46:05 - PHP Notice:  Undefined variable: jobs_image in D:\OpenServer\domains\skinali.3331141.xeovo.ml\admin\controller\catalog\ourprojects.php on line 311
2017-11-15 11:46:05 - PHP Notice:  Undefined variable: jobs_image in D:\OpenServer\domains\skinali.3331141.xeovo.ml\admin\controller\catalog\ourprojects.php on line 311
2017-11-15 11:46:05 - PHP Notice:  Undefined variable: jobs_image in D:\OpenServer\domains\skinali.3331141.xeovo.ml\admin\controller\catalog\ourprojects.php on line 311
2017-11-15 11:46:05 - PHP Notice:  Undefined variable: jobs_image in D:\OpenServer\domains\skinali.3331141.xeovo.ml\admin\controller\catalog\ourprojects.php on line 311
2017-11-15 11:46:05 - PHP Notice:  Undefined variable: jobs_image in D:\OpenServer\domains\skinali.3331141.xeovo.ml\admin\controller\catalog\ourprojects.php on line 311
2017-11-15 11:46:05 - PHP Notice:  Undefined variable: button_remove in D:\OpenServer\domains\skinali.3331141.xeovo.ml\admin\view\template\catalog\ourprojects_form.tpl on line 108
2017-11-15 11:46:05 - PHP Notice:  Undefined variable: button_remove in D:\OpenServer\domains\skinali.3331141.xeovo.ml\admin\view\template\catalog\ourprojects_form.tpl on line 108
2017-11-15 11:46:05 - PHP Notice:  Undefined variable: button_remove in D:\OpenServer\domains\skinali.3331141.xeovo.ml\admin\view\template\catalog\ourprojects_form.tpl on line 108
2017-11-15 11:46:05 - PHP Notice:  Undefined variable: button_remove in D:\OpenServer\domains\skinali.3331141.xeovo.ml\admin\view\template\catalog\ourprojects_form.tpl on line 108
2017-11-15 11:46:05 - PHP Notice:  Undefined variable: button_remove in D:\OpenServer\domains\skinali.3331141.xeovo.ml\admin\view\template\catalog\ourprojects_form.tpl on line 108
2017-11-15 11:46:05 - PHP Notice:  Undefined variable: button_remove in D:\OpenServer\domains\skinali.3331141.xeovo.ml\admin\view\template\catalog\ourprojects_form.tpl on line 108
2017-11-15 11:46:05 - PHP Notice:  Undefined variable: button_remove in D:\OpenServer\domains\skinali.3331141.xeovo.ml\admin\view\template\catalog\ourprojects_form.tpl on line 108
2017-11-15 11:46:05 - PHP Notice:  Undefined variable: button_remove in D:\OpenServer\domains\skinali.3331141.xeovo.ml\admin\view\template\catalog\ourprojects_form.tpl on line 108
2017-11-15 11:46:05 - PHP Notice:  Undefined variable: button_remove in D:\OpenServer\domains\skinali.3331141.xeovo.ml\admin\view\template\catalog\ourprojects_form.tpl on line 108
2017-11-15 11:46:05 - PHP Notice:  Undefined variable: button_remove in D:\OpenServer\domains\skinali.3331141.xeovo.ml\admin\view\template\catalog\ourprojects_form.tpl on line 108
2017-11-15 11:46:05 - PHP Notice:  Undefined variable: button_remove in D:\OpenServer\domains\skinali.3331141.xeovo.ml\admin\view\template\catalog\ourprojects_form.tpl on line 108
2017-11-15 11:46:05 - PHP Notice:  Undefined variable: button_remove in D:\OpenServer\domains\skinali.3331141.xeovo.ml\admin\view\template\catalog\ourprojects_form.tpl on line 108
2017-11-15 11:46:05 - PHP Notice:  Undefined variable: button_remove in D:\OpenServer\domains\skinali.3331141.xeovo.ml\admin\view\template\catalog\ourprojects_form.tpl on line 139
2017-11-15 11:46:05 - PHP Notice:  Undefined variable: button_remove in D:\OpenServer\domains\skinali.3331141.xeovo.ml\admin\view\template\catalog\ourprojects_form.tpl on line 151
2017-11-15 11:47:21 - PHP Notice:  Undefined variable: button_remove in D:\OpenServer\domains\skinali.3331141.xeovo.ml\admin\view\template\catalog\ourprojects_form.tpl on line 108
2017-11-15 11:47:21 - PHP Notice:  Undefined variable: button_remove in D:\OpenServer\domains\skinali.3331141.xeovo.ml\admin\view\template\catalog\ourprojects_form.tpl on line 108
2017-11-15 11:47:21 - PHP Notice:  Undefined variable: button_remove in D:\OpenServer\domains\skinali.3331141.xeovo.ml\admin\view\template\catalog\ourprojects_form.tpl on line 108
2017-11-15 11:47:21 - PHP Notice:  Undefined variable: button_remove in D:\OpenServer\domains\skinali.3331141.xeovo.ml\admin\view\template\catalog\ourprojects_form.tpl on line 108
2017-11-15 11:47:21 - PHP Notice:  Undefined variable: button_remove in D:\OpenServer\domains\skinali.3331141.xeovo.ml\admin\view\template\catalog\ourprojects_form.tpl on line 108
2017-11-15 11:47:21 - PHP Notice:  Undefined variable: button_remove in D:\OpenServer\domains\skinali.3331141.xeovo.ml\admin\view\template\catalog\ourprojects_form.tpl on line 108
2017-11-15 11:47:21 - PHP Notice:  Undefined variable: button_remove in D:\OpenServer\domains\skinali.3331141.xeovo.ml\admin\view\template\catalog\ourprojects_form.tpl on line 108
2017-11-15 11:47:21 - PHP Notice:  Undefined variable: button_remove in D:\OpenServer\domains\skinali.3331141.xeovo.ml\admin\view\template\catalog\ourprojects_form.tpl on line 108
2017-11-15 11:47:21 - PHP Notice:  Undefined variable: button_remove in D:\OpenServer\domains\skinali.3331141.xeovo.ml\admin\view\template\catalog\ourprojects_form.tpl on line 108
2017-11-15 11:47:21 - PHP Notice:  Undefined variable: button_remove in D:\OpenServer\domains\skinali.3331141.xeovo.ml\admin\view\template\catalog\ourprojects_form.tpl on line 108
2017-11-15 11:47:21 - PHP Notice:  Undefined variable: button_remove in D:\OpenServer\domains\skinali.3331141.xeovo.ml\admin\view\template\catalog\ourprojects_form.tpl on line 108
2017-11-15 11:47:21 - PHP Notice:  Undefined variable: button_remove in D:\OpenServer\domains\skinali.3331141.xeovo.ml\admin\view\template\catalog\ourprojects_form.tpl on line 108
2017-11-15 11:47:21 - PHP Notice:  Undefined variable: button_remove in D:\OpenServer\domains\skinali.3331141.xeovo.ml\admin\view\template\catalog\ourprojects_form.tpl on line 139
2017-11-15 11:47:21 - PHP Notice:  Undefined variable: button_remove in D:\OpenServer\domains\skinali.3331141.xeovo.ml\admin\view\template\catalog\ourprojects_form.tpl on line 151
2017-11-15 11:47:36 - PHP Notice:  Undefined variable: button_remove in D:\OpenServer\domains\skinali.3331141.xeovo.ml\admin\view\template\catalog\ourprojects_form.tpl on line 139
2017-11-15 11:47:36 - PHP Notice:  Undefined variable: button_remove in D:\OpenServer\domains\skinali.3331141.xeovo.ml\admin\view\template\catalog\ourprojects_form.tpl on line 151
2017-11-15 12:20:09 - PHP Notice:  Undefined variable: str_link in D:\OpenServer\domains\skinali.3331141.xeovo.ml\admin\controller\common\imagemanager.php on line 37
2017-11-15 12:20:10 - PHP Notice:  Undefined variable: str_link in D:\OpenServer\domains\skinali.3331141.xeovo.ml\admin\controller\common\imagemanager.php on line 37
2017-11-15 12:20:11 - PHP Notice:  Undefined variable: str_link in D:\OpenServer\domains\skinali.3331141.xeovo.ml\admin\controller\common\imagemanager.php on line 37
2017-11-15 12:20:11 - PHP Notice:  Undefined variable: str_link in D:\OpenServer\domains\skinali.3331141.xeovo.ml\admin\controller\common\imagemanager.php on line 37
2017-11-15 12:20:12 - PHP Notice:  Undefined variable: str_link in D:\OpenServer\domains\skinali.3331141.xeovo.ml\admin\controller\common\imagemanager.php on line 37
2017-11-15 12:20:12 - PHP Notice:  Undefined variable: str_link in D:\OpenServer\domains\skinali.3331141.xeovo.ml\admin\controller\common\imagemanager.php on line 37
2017-11-15 12:20:13 - PHP Notice:  Undefined variable: str_link in D:\OpenServer\domains\skinali.3331141.xeovo.ml\admin\controller\common\imagemanager.php on line 37
2017-11-15 12:29:54 - PHP Notice:  Undefined index: popup in D:\OpenServer\domains\skinali.3331141.xeovo.ml\catalog\view\theme\skinali\template\information\jobs.tpl on line 25
2017-11-15 12:30:14 - PHP Notice:  Undefined index: popup in D:\OpenServer\domains\skinali.3331141.xeovo.ml\catalog\view\theme\skinali\template\information\jobs.tpl on line 25
2017-12-04 16:58:23 - PHP Notice:  Undefined variable: block6_status_status in D:\OpenServer\domains\skinali.3331141.xeovo.ml\admin\view\template\module\block6.tpl on line 32
2017-12-04 16:58:29 - PHP Notice:  Undefined variable: block5_status_status in D:\OpenServer\domains\skinali.3331141.xeovo.ml\admin\view\template\module\block5.tpl on line 32
2017-12-04 17:14:33 - PHP Notice:  Undefined variable: block5_status_status in D:\OpenServer\domains\skinali.3331141.xeovo.ml\admin\view\template\module\block5.tpl on line 32
2017-12-04 17:14:48 - PHP Notice:  Undefined variable: block5_status_status in D:\OpenServer\domains\skinali.3331141.xeovo.ml\admin\view\template\module\block5.tpl on line 32
2017-12-04 17:15:03 - PHP Notice:  Undefined variable: block5_status_status in D:\OpenServer\domains\skinali.3331141.xeovo.ml\admin\view\template\module\block5.tpl on line 32
